✓ Dallas - Residential Fencing
✓ Dallas - Commercial Fencing
✓ Dallas - Athletic Courts and Sports Facilities
✓ Dallas - Access Control
✓ Dallas - Automatic Gates
✓ Fort Worth - Residential Fencing
✓ Fort Worth - Commercial Fencing
✓ Fort Worth - Athletic Courts and Sports Facilities
✓ Fort Worth - Access Control
✓ Fort Worth - Automatic Gates
✓ Arlington - Residential Fencing
✓ Arlington - Commercial Fencing
✓ Arlington - Athletic Courts and Sports Facilities
✓ Arlington - Access Control
✓ Arlington - Automatic Gates
✓ Plano - Residential Fencing
✓ Plano - Commercial Fencing
✓ Plano - Athletic Courts and Sports Facilities
✓ Plano - Access Control
✓ Plano - Automatic Gates
✓ Garland - Residential Fencing
✓ Garland - Commercial Fencing
✓ Garland - Athletic Courts and Sports Facilities
✓ Garland - Access Control
✓ Garland - Automatic Gates
