✓ Dallas - Residential Fencing
✓ Dallas - Commercial Fencing
✓ Dallas - Athletic Courts and Sports Facilities
✓ Dallas - Access Control
✓ Dallas - Automatic Gates
✓ Fort Worth - Residential Fencing
✓ Fort Worth - Commercial Fencing
✓ Fort Worth - Athletic Courts and Sports Facilities
✓ Fort Worth - Access Control
✓ Fort Worth - Automatic Gates
✓ Arlington - Residential Fencing
✓ Arlington - Commercial Fencing
✓ Arlington - Athletic Courts and Sports Facilities
✓ Arlington - Access Control
✓ Arlington - Automatic Gates
✓ Plano - Residential Fencing
✓ Plano - Commercial Fencing
✓ Plano - Athletic Courts and Sports Facilities
✓ Plano - Access Control
✓ Plano - Automatic Gates
✓ Garland - Residential Fencing
✓ Garland - Commercial Fencing
✓ Garland - Athletic Courts and Sports Facilities
✓ Garland - Access Control
✓ Garland - Automatic Gates
✓ Irving - Residential Fencing
✓ Irving - Commercial Fencing
✓ Irving - Athletic Courts and Sports Facilities
✓ Irving - Access Control
✓ Irving - Automatic Gates
✓ Frisco - Residential Fencing
✓ Frisco - Commercial Fencing
✓ Frisco - Athletic Courts and Sports Facilities
✓ Frisco - Access Control
✓ Frisco - Automatic Gates
✓ McKinney - Residential Fencing
✓ McKinney - Commercial Fencing
✓ McKinney - Athletic Courts and Sports Facilities
✓ McKinney - Access Control
✓ McKinney - Automatic Gates
✓ Grand Prairie - Residential Fencing
✓ Grand Prairie - Commercial Fencing
✓ Grand Prairie - Athletic Courts and Sports Facilities
✓ Grand Prairie - Access Control
✓ Grand Prairie - Automatic Gates
✓ Denton - Residential Fencing
✓ Denton - Commercial Fencing
✓ Denton - Athletic Courts and Sports Facilities
✓ Denton - Access Control
✓ Denton - Automatic Gates
✓ Mesquite - Residential Fencing
✓ Mesquite - Commercial Fencing
✓ Mesquite - Athletic Courts and Sports Facilities
✓ Mesquite - Access Control
✓ Mesquite - Automatic Gates
✓ Carrollton - Residential Fencing
✓ Carrollton - Commercial Fencing
✓ Carrollton - Athletic Courts and Sports Facilities
✓ Carrollton - Access Control
✓ Carrollton - Automatic Gates
✓ Richardson - Residential Fencing
✓ Richardson - Commercial Fencing
✓ Richardson - Athletic Courts and Sports Facilities
✓ Richardson - Access Control
✓ Richardson - Automatic Gates
✓ Lewisville - Residential Fencing
✓ Lewisville - Commercial Fencing
✓ Lewisville - Athletic Courts and Sports Facilities
✓ Lewisville - Access Control
✓ Lewisville - Automatic Gates
✓ Allen - Residential Fencing
✓ Allen - Commercial Fencing
✓ Allen - Athletic Courts and Sports Facilities
✓ Allen - Access Control
✓ Allen - Automatic Gates
✓ Flower Mound - Residential Fencing
✓ Flower Mound - Commercial Fencing
✓ Flower Mound - Athletic Courts and Sports Facilities
✓ Flower Mound - Access Control
✓ Flower Mound - Automatic Gates
✓ North Richland Hills - Residential Fencing
✓ North Richland Hills - Commercial Fencing
✓ North Richland Hills - Athletic Courts and Sports Facilities
✓ North Richland Hills - Access Control
✓ North Richland Hills - Automatic Gates
✓ Mansfield - Residential Fencing
✓ Mansfield - Commercial Fencing
✓ Mansfield - Athletic Courts and Sports Facilities
✓ Mansfield - Access Control
✓ Mansfield - Automatic Gates
✓ Rowlett - Residential Fencing
✓ Rowlett - Commercial Fencing
✓ Rowlett - Athletic Courts and Sports Facilities
✓ Rowlett - Access Control
✓ Rowlett - Automatic Gates
✓ Bedford - Residential Fencing
✓ Bedford - Commercial Fencing
✓ Bedford - Athletic Courts and Sports Facilities
✓ Bedford - Access Control
✓ Bedford - Automatic Gates
✓ Euless - Residential Fencing
✓ Euless - Commercial Fencing
✓ Euless - Athletic Courts and Sports Facilities
✓ Euless - Access Control
✓ Euless - Automatic Gates
✓ Grapevine - Residential Fencing
✓ Grapevine - Commercial Fencing
✓ Grapevine - Athletic Courts and Sports Facilities
✓ Grapevine - Access Control
✓ Grapevine - Automatic Gates
✓ Cedar Hill - Residential Fencing
✓ Cedar Hill - Commercial Fencing
✓ Cedar Hill - Athletic Courts and Sports Facilities
✓ Cedar Hill - Access Control
✓ Cedar Hill - Automatic Gates
✓ Wylie - Residential Fencing
✓ Wylie - Commercial Fencing
✓ Wylie - Athletic Courts and Sports Facilities
✓ Wylie - Access Control
✓ Wylie - Automatic Gates
✓ Keller - Residential Fencing
✓ Keller - Commercial Fencing
✓ Keller - Athletic Courts and Sports Facilities
✓ Keller - Access Control
✓ Keller - Automatic Gates
✓ Coppell - Residential Fencing
✓ Coppell - Commercial Fencing
✓ Coppell - Athletic Courts and Sports Facilities
✓ Coppell - Access Control
✓ Coppell - Automatic Gates
✓ Hurst - Residential Fencing
✓ Hurst - Commercial Fencing
✓ Hurst - Athletic Courts and Sports Facilities
✓ Hurst - Access Control
✓ Hurst - Automatic Gates
✓ Duncanville - Residential Fencing
✓ Duncanville - Commercial Fencing
✓ Duncanville - Athletic Courts and Sports Facilities
✓ Duncanville - Access Control
✓ Duncanville - Automatic Gates
✓ The Colony - Residential Fencing
✓ The Colony - Commercial Fencing
✓ The Colony - Athletic Courts and Sports Facilities
✓ The Colony - Access Control
✓ The Colony - Automatic Gates
✓ Sherman - Residential Fencing
✓ Sherman - Commercial Fencing
✓ Sherman - Athletic Courts and Sports Facilities
✓ Sherman - Access Control
✓ Sherman - Automatic Gates
✓ Rockwall - Residential Fencing
✓ Rockwall - Commercial Fencing
✓ Rockwall - Athletic Courts and Sports Facilities
✓ Rockwall - Access Control
✓ Rockwall - Automatic Gates
✓ Burleson - Residential Fencing
✓ Burleson - Commercial Fencing
✓ Burleson - Athletic Courts and Sports Facilities
✓ Burleson - Access Control
✓ Burleson - Automatic Gates
✓ Little Elm - Residential Fencing
✓ Little Elm - Commercial Fencing
✓ Little Elm - Athletic Courts and Sports Facilities
✓ Little Elm - Access Control
✓ Little Elm - Automatic Gates
✓ Southlake - Residential Fencing
✓ Southlake - Commercial Fencing
✓ Southlake - Athletic Courts and Sports Facilities
✓ Southlake - Access Control
✓ Southlake - Automatic Gates
✓ Waxahachie - Residential Fencing
✓ Waxahachie - Commercial Fencing
✓ Waxahachie - Athletic Courts and Sports Facilities
✓ Waxahachie - Access Control
✓ Waxahachie - Automatic Gates
✓ Cleburne - Residential Fencing
✓ Cleburne - Commercial Fencing
✓ Cleburne - Athletic Courts and Sports Facilities
✓ Cleburne - Access Control
✓ Cleburne - Automatic Gates
✓ Farmers Branch - Residential Fencing
✓ Farmers Branch - Commercial Fencing
✓ Farmers Branch - Athletic Courts and Sports Facilities
✓ Farmers Branch - Access Control
✓ Farmers Branch - Automatic Gates
✓ Sachse - Residential Fencing
✓ Sachse - Commercial Fencing
✓ Sachse - Athletic Courts and Sports Facilities
✓ Sachse - Access Control
✓ Sachse - Automatic Gates
✓ Colleyville - Residential Fencing
✓ Colleyville - Commercial Fencing
✓ Colleyville - Athletic Courts and Sports Facilities
✓ Colleyville - Access Control
✓ Colleyville - Automatic Gates
✓ Midlothian - Residential Fencing
✓ Midlothian - Commercial Fencing
✓ Midlothian - Athletic Courts and Sports Facilities
✓ Midlothian - Access Control
✓ Midlothian - Automatic Gates
✓ Prosper - Residential Fencing
✓ Prosper - Commercial Fencing
✓ Prosper - Athletic Courts and Sports Facilities
✓ Prosper - Access Control
✓ Prosper - Automatic Gates
✓ Lancaster - Residential Fencing
✓ Lancaster - Commercial Fencing
✓ Lancaster - Athletic Courts and Sports Facilities
✓ Lancaster - Access Control
✓ Lancaster - Automatic Gates
✓ Haltom City - Residential Fencing
✓ Haltom City - Commercial Fencing
✓ Haltom City - Athletic Courts and Sports Facilities
✓ Haltom City - Access Control
✓ Haltom City - Automatic Gates
✓ DeSoto - Residential Fencing
✓ DeSoto - Commercial Fencing
✓ DeSoto - Athletic Courts and Sports Facilities
✓ DeSoto - Access Control
✓ DeSoto - Automatic Gates
✓ Watauga - Residential Fencing
✓ Watauga - Commercial Fencing
✓ Watauga - Athletic Courts and Sports Facilities
✓ Watauga - Access Control
✓ Watauga - Automatic Gates
✓ Anna - Residential Fencing
✓ Anna - Commercial Fencing
✓ Anna - Athletic Courts and Sports Facilities
✓ Anna - Access Control
✓ Anna - Automatic Gates
✓ Forney - Residential Fencing
✓ Forney - Commercial Fencing
✓ Forney - Athletic Courts and Sports Facilities
✓ Forney - Access Control
✓ Forney - Automatic Gates
✓ Celina - Residential Fencing
✓ Celina - Commercial Fencing
✓ Celina - Athletic Courts and Sports Facilities
✓ Celina - Access Control
✓ Celina - Automatic Gates
✓ Murphy - Residential Fencing
✓ Murphy - Commercial Fencing
✓ Murphy - Athletic Courts and Sports Facilities
✓ Murphy - Access Control
✓ Murphy - Automatic Gates
✓ Terrell - Residential Fencing
✓ Terrell - Commercial Fencing
✓ Terrell - Athletic Courts and Sports Facilities
✓ Terrell - Access Control
✓ Terrell - Automatic Gates
✓ Saginaw - Residential Fencing
✓ Saginaw - Commercial Fencing
✓ Saginaw - Athletic Courts and Sports Facilities
✓ Saginaw - Access Control
✓ Saginaw - Automatic Gates
✓ Benbrook - Residential Fencing
✓ Benbrook - Commercial Fencing
✓ Benbrook - Athletic Courts and Sports Facilities
✓ Benbrook - Access Control
✓ Benbrook - Automatic Gates
✓ Corinth - Residential Fencing
✓ Corinth - Commercial Fencing
✓ Corinth - Athletic Courts and Sports Facilities
✓ Corinth - Access Control
✓ Corinth - Automatic Gates
✓ Denison - Residential Fencing
✓ Denison - Commercial Fencing
✓ Denison - Athletic Courts and Sports Facilities
✓ Denison - Access Control
✓ Denison - Automatic Gates
✓ Crowley - Residential Fencing
✓ Crowley - Commercial Fencing
✓ Crowley - Athletic Courts and Sports Facilities
✓ Crowley - Access Control
✓ Crowley - Automatic Gates
✓ Lake Dallas - Residential Fencing
✓ Lake Dallas - Commercial Fencing
✓ Lake Dallas - Athletic Courts and Sports Facilities
✓ Lake Dallas - Access Control
✓ Lake Dallas - Automatic Gates
✓ Highland Village - Residential Fencing
✓ Highland Village - Commercial Fencing
✓ Highland Village - Athletic Courts and Sports Facilities
✓ Highland Village - Access Control
✓ Highland Village - Automatic Gates
✓ White Settlement - Residential Fencing
✓ White Settlement - Commercial Fencing
✓ White Settlement - Athletic Courts and Sports Facilities
✓ White Settlement - Access Control
✓ White Settlement - Automatic Gates
✓ Azle - Residential Fencing
✓ Azle - Commercial Fencing
✓ Azle - Athletic Courts and Sports Facilities
✓ Azle - Access Control
✓ Azle - Automatic Gates
✓ Forest Hill - Residential Fencing
✓ Forest Hill - Commercial Fencing
✓ Forest Hill - Athletic Courts and Sports Facilities
✓ Forest Hill - Access Control
✓ Forest Hill - Automatic Gates
✓ Trophy Club - Residential Fencing
✓ Trophy Club - Commercial Fencing
✓ Trophy Club - Athletic Courts and Sports Facilities
✓ Trophy Club - Access Control
✓ Trophy Club - Automatic Gates
✓ Greenville - Residential Fencing
✓ Greenville - Commercial Fencing
✓ Greenville - Athletic Courts and Sports Facilities
✓ Greenville - Access Control
✓ Greenville - Automatic Gates
✓ Royse City - Residential Fencing
✓ Royse City - Commercial Fencing
✓ Royse City - Athletic Courts and Sports Facilities
✓ Royse City - Access Control
✓ Royse City - Automatic Gates
✓ Melissa - Residential Fencing
✓ Melissa - Commercial Fencing
✓ Melissa - Athletic Courts and Sports Facilities
✓ Melissa - Access Control
✓ Melissa - Automatic Gates
✓ Princeton - Residential Fencing
✓ Princeton - Commercial Fencing
✓ Princeton - Athletic Courts and Sports Facilities
✓ Princeton - Access Control
✓ Princeton - Automatic Gates
✓ Ennis - Residential Fencing
✓ Ennis - Commercial Fencing
✓ Ennis - Athletic Courts and Sports Facilities
✓ Ennis - Access Control
✓ Ennis - Automatic Gates
✓ Fate - Residential Fencing
✓ Fate - Commercial Fencing
✓ Fate - Athletic Courts and Sports Facilities
✓ Fate - Access Control
✓ Fate - Automatic Gates
✓ Heath - Residential Fencing
✓ Heath - Commercial Fencing
✓ Heath - Athletic Courts and Sports Facilities
✓ Heath - Access Control
✓ Heath - Automatic Gates
✓ Roanoke - Residential Fencing
✓ Roanoke - Commercial Fencing
✓ Roanoke - Athletic Courts and Sports Facilities
✓ Roanoke - Access Control
✓ Roanoke - Automatic Gates
✓ Seagoville - Residential Fencing
✓ Seagoville - Commercial Fencing
✓ Seagoville - Athletic Courts and Sports Facilities
✓ Seagoville - Access Control
✓ Seagoville - Automatic Gates
✓ Sanger - Residential Fencing
✓ Sanger - Commercial Fencing
✓ Sanger - Athletic Courts and Sports Facilities
✓ Sanger - Access Control
✓ Sanger - Automatic Gates
✓ Fairview - Residential Fencing
✓ Fairview - Commercial Fencing
✓ Fairview - Athletic Courts and Sports Facilities
✓ Fairview - Access Control
✓ Fairview - Automatic Gates
✓ Granbury - Residential Fencing
✓ Granbury - Commercial Fencing
✓ Granbury - Athletic Courts and Sports Facilities
✓ Granbury - Access Control
✓ Granbury - Automatic Gates
✓ Aubrey - Residential Fencing
✓ Aubrey - Commercial Fencing
✓ Aubrey - Athletic Courts and Sports Facilities
✓ Aubrey - Access Control
✓ Aubrey - Automatic Gates
✓ Joshua - Residential Fencing
✓ Joshua - Commercial Fencing
✓ Joshua - Athletic Courts and Sports Facilities
✓ Joshua - Access Control
✓ Joshua - Automatic Gates
✓ Richland Hills - Residential Fencing
✓ Richland Hills - Commercial Fencing
✓ Richland Hills - Athletic Courts and Sports Facilities
✓ Richland Hills - Access Control
✓ Richland Hills - Automatic Gates
✓ Kennedale - Residential Fencing
✓ Kennedale - Commercial Fencing
✓ Kennedale - Athletic Courts and Sports Facilities
✓ Kennedale - Access Control
✓ Kennedale - Automatic Gates
✓ Justin - Residential Fencing
✓ Justin - Commercial Fencing
✓ Justin - Athletic Courts and Sports Facilities
✓ Justin - Access Control
✓ Justin - Automatic Gates
✓ Red Oak - Residential Fencing
✓ Red Oak - Commercial Fencing
✓ Red Oak - Athletic Courts and Sports Facilities
✓ Red Oak - Access Control
✓ Red Oak - Automatic Gates
✓ Kaufman - Residential Fencing
✓ Kaufman - Commercial Fencing
✓ Kaufman - Athletic Courts and Sports Facilities
✓ Kaufman - Access Control
✓ Kaufman - Automatic Gates
✓ River Oaks - Residential Fencing
✓ River Oaks - Commercial Fencing
✓ River Oaks - Athletic Courts and Sports Facilities
✓ River Oaks - Access Control
✓ River Oaks - Automatic Gates
✓ Glenn Heights - Residential Fencing
✓ Glenn Heights - Commercial Fencing
✓ Glenn Heights - Athletic Courts and Sports Facilities
✓ Glenn Heights - Access Control
✓ Glenn Heights - Automatic Gates
✓ Hutchins - Residential Fencing
✓ Hutchins - Commercial Fencing
✓ Hutchins - Athletic Courts and Sports Facilities
✓ Hutchins - Access Control
✓ Hutchins - Automatic Gates
✓ Sunnyvale - Residential Fencing
✓ Sunnyvale - Commercial Fencing
✓ Sunnyvale - Athletic Courts and Sports Facilities
✓ Sunnyvale - Access Control
✓ Sunnyvale - Automatic Gates
✓ Lake Worth - Residential Fencing
✓ Lake Worth - Commercial Fencing
✓ Lake Worth - Athletic Courts and Sports Facilities
✓ Lake Worth - Access Control
✓ Lake Worth - Automatic Gates
✓ Argyle - Residential Fencing
✓ Argyle - Commercial Fencing
✓ Argyle - Athletic Courts and Sports Facilities
✓ Argyle - Access Control
✓ Argyle - Automatic Gates
✓ Pilot Point - Residential Fencing
✓ Pilot Point - Commercial Fencing
✓ Pilot Point - Athletic Courts and Sports Facilities
✓ Pilot Point - Access Control
✓ Pilot Point - Automatic Gates
✓ Keene - Residential Fencing
✓ Keene - Commercial Fencing
✓ Keene - Athletic Courts and Sports Facilities
✓ Keene - Access Control
✓ Keene - Automatic Gates
✓ Lucas - Residential Fencing
✓ Lucas - Commercial Fencing
✓ Lucas - Athletic Courts and Sports Facilities
✓ Lucas - Access Control
✓ Lucas - Automatic Gates
✓ Everman - Residential Fencing
✓ Everman - Commercial Fencing
✓ Everman - Athletic Courts and Sports Facilities
✓ Everman - Access Control
✓ Everman - Automatic Gates
✓ Gainesville - Residential Fencing
✓ Gainesville - Commercial Fencing
✓ Gainesville - Athletic Courts and Sports Facilities
✓ Gainesville - Access Control
✓ Gainesville - Automatic Gates
✓ Springtown - Residential Fencing
✓ Springtown - Commercial Fencing
✓ Springtown - Athletic Courts and Sports Facilities
✓ Springtown - Access Control
✓ Springtown - Automatic Gates
✓ Rhome - Residential Fencing
✓ Rhome - Commercial Fencing
✓ Rhome - Athletic Courts and Sports Facilities
✓ Rhome - Access Control
✓ Rhome - Automatic Gates
✓ Lavon - Residential Fencing
✓ Lavon - Commercial Fencing
✓ Lavon - Athletic Courts and Sports Facilities
✓ Lavon - Access Control
✓ Lavon - Automatic Gates
✓ Alvarado - Residential Fencing
✓ Alvarado - Commercial Fencing
✓ Alvarado - Athletic Courts and Sports Facilities
✓ Alvarado - Access Control
✓ Alvarado - Automatic Gates
✓ Venus - Residential Fencing
✓ Venus - Commercial Fencing
✓ Venus - Athletic Courts and Sports Facilities
✓ Venus - Access Control
✓ Venus - Automatic Gates
✓ Decatur - Residential Fencing
✓ Decatur - Commercial Fencing
✓ Decatur - Athletic Courts and Sports Facilities
✓ Decatur - Access Control
✓ Decatur - Automatic Gates
✓ Bridgeport - Residential Fencing
✓ Bridgeport - Commercial Fencing
✓ Bridgeport - Athletic Courts and Sports Facilities
✓ Bridgeport - Access Control
✓ Bridgeport - Automatic Gates
✓ Ponder - Residential Fencing
✓ Ponder - Athletic Courts and Sports Facilities
✓ Ponder - Access Control
✓ Ponder - Automatic Gates
✓ Aledo - Residential Fencing
✓ Aledo - Commercial Fencing
✓ Aledo - Athletic Courts and Sports Facilities
✓ Aledo - Access Control
✓ Aledo - Automatic Gates
